Arguments: 
  /usr/local/bin/node /usr/bin/yarn add express cors expres-async-errors

PATH: 
  /home/nicholas/.zinit/polaris/bin:/home/nicholas/.local/bin:/usr/local/bin:/usr/bin:/bin:/usr/local/sbin:/usr/lib/jvm/default/bin:/usr/bin/site_perl:/usr/bin/vendor_perl:/usr/bin/core_perl:/var/lib/snapd/snap/bin

Yarn version: 
  1.22.11

Node version: 
  14.17.6

Platform: 
  linux x64

Trace: 
  Error: https://registry.yarnpkg.com/expres-async-errors: Not found
      at Request.params.callback [as _callback] (/usr/lib/node_modules/yarn/lib/cli.js:66992:18)
      at Request.self.callback (/usr/lib/node_modules/yarn/lib/cli.js:140763:22)
      at Request.emit (events.js:400:28)
      at Request.<anonymous> (/usr/lib/node_modules/yarn/lib/cli.js:141735:10)
      at Request.emit (events.js:400:28)
      at IncomingMessage.<anonymous> (/usr/lib/node_modules/yarn/lib/cli.js:141657:12)
      at Object.onceWrapper (events.js:519:28)
      at IncomingMessage.emit (events.js:412:35)
      at endReadableNT (internal/streams/readable.js:1317:12)
      at processTicksAndRejections (internal/process/task_queues.js:82:21)

npm manifest: 
  {
    "name": "login",
    "version": "1.0.0",
    "description": "",
    "main": "index.js",
    "scripts": {
      "dev": "ts-node-dev --inspect --transpile-only --ignore-watch node_modules src/server.ts",
      "lint": "eslint . --ext .ts",
      "lint-fix": "eslint . --ext .ts --fix",
      "test": "echo \"Error: no test specified\" && exit 1"
    },
    "keywords": [],
    "author": "Nicholas Velten",
    "license": "MIT",
    "devDependencies": {
      "@types/node": "^16.11.6",
      "ts-node-dev": "^1.1.8",
      "tsconfig-paths": "^3.11.0",
      "typescript": "^4.4.4"
    }
  }

yarn manifest: 
  No manifest

Lockfile: 
  No lockfile
